<?xml version="1.0" encoding="UTF-8"?>
<testsuite xmlns:xsi="http://www.w3.org/2001/XMLSchema-instance" xsi:noNamespaceSchemaLocation="https://maven.apache.org/surefire/maven-surefire-plugin/xsd/surefire-test-report-3.0.xsd" version="3.0" name="com.example.ArticleServletTest" time="0.048" tests="4" errors="0" skipped="0" failures="0">
  <properties>
[...]
</properties>
  <testcase name="testNegativeStockInConstructor" classname="com.example.ArticleServletTest" time="0.028"/>
  <testcase name="testSetters" classname="com.example.ArticleServletTest" time="0.002"/>
  <testcase name="testArticleCreation" classname="com.example.ArticleServletTest" time="0.001"/>
  <testcase name="testNegativeStockInSetter" classname="com.example.ArticleServletTest" time="0.001"/>
</testsuite>